<?xml version="1.0" encoding="UTF-8"?>
<testng-results ignored="0" total="1" passed="1" failed="0" skipped="0">
  <reporter-output>
  </reporter-output>
  <suite started-at="2024-02-15T10:29:35 IST" name="Default suite" finished-at="2024-02-15T10:29:35 IST" duration-ms="26">
    <groups>
    </groups>
    <test started-at="2024-02-15T10:29:35 IST" name="Default test" finished-at="2024-02-15T10:29:35 IST" duration-ms="26">
      <class name="test.day1">
        <test-method signature="demo()[pri:0, instance:test.day1@48fa0f47]" started-at="2024-02-15T10:29:35 IST" name="demo" finished-at="2024-02-15T10:29:35 IST" duration-ms="7" status="PASS">
          <reporter-output>
          </reporter-output>
        </test-method> <!-- demo -->
      </class> <!-- test.day1 -->
    </test> <!-- Default test -->
  </suite> <!-- Default suite -->
</testng-results>
