<?xml version="1.0" encoding="UTF-8"?>
<testng-results ignored="0" total="3" passed="3" failed="0" skipped="0">
  <reporter-output>
  </reporter-output>
  <suite started-at="2024-02-15T11:03:53 IST" name="Suite" finished-at="2024-02-15T11:03:53 IST" duration-ms="28">
    <groups>
    </groups>
    <test started-at="2024-02-15T11:03:53 IST" name="Test" finished-at="2024-02-15T11:03:53 IST" duration-ms="28">
      <class name="test.day2">
        <test-method signature="name()[pri:0, instance:test.day2@5e316c74]" started-at="2024-02-15T11:03:53 IST" name="name" finished-at="2024-02-15T11:03:53 IST" duration-ms="1" status="PASS">
          <reporter-output>
          </reporter-output>
        </test-method> <!-- name -->
      </class> <!-- test.day2 -->
      <class name="test.day1">
        <test-method signature="SecondTest()[pri:0, instance:test.day1@159f197]" started-at="2024-02-15T11:03:53 IST" name="SecondTest" finished-at="2024-02-15T11:03:53 IST" duration-ms="7" status="PASS">
          <reporter-output>
          </reporter-output>
        </test-method> <!-- SecondTest -->
        <test-method signature="Test()[pri:0, instance:test.day1@159f197]" started-at="2024-02-15T11:03:53 IST" name="Test" finished-at="2024-02-15T11:03:53 IST" duration-ms="1" status="PASS">
          <reporter-output>
          </reporter-output>
        </test-method> <!-- Test -->
      </class> <!-- test.day1 -->
    </test> <!-- Test -->
  </suite> <!-- Suite -->
</testng-results>
